{
  "C:\\Otus\\JSDeveloper Basic\\HW\\Lesson4\\src\\function.js": {
    "path": "C:\\Otus\\JSDeveloper Basic\\HW\\Lesson4\\src\\function.js",
    "all": false,
    "statementMap": {
      "0": {"start": {"line": 1, "column": 0}, "end": {"line": 1, "column": 59}},
      "1": {"start": {"line": 2, "column": 0}, "end": {"line": 2, "column": 46}},
      "2": {"start": {"line": 3, "column": 0}, "end": {"line": 3, "column": 29}},
      "3": {"start": {"line": 4, "column": 0}, "end": {"line": 4, "column": 0}},
      "4": {"start": {"line": 5, "column": 0}, "end": {"line": 5, "column": 30}},
      "5": {"start": {"line": 6, "column": 0}, "end": {"line": 6, "column": 1}},
      "6": {"start": {"line": 7, "column": 0}, "end": {"line": 7, "column": 0}},
      "7": {"start": {"line": 8, "column": 0}, "end": {"line": 8, "column": 44}},
      "8": {"start": {"line": 9, "column": 0}, "end": {"line": 9, "column": 28}},
      "9": {"start": {"line": 10, "column": 0}, "end": {"line": 10, "column": 1}},
      "10": {"start": {"line": 11, "column": 0}, "end": {"line": 11, "column": 0}},
      "11": {"start": {"line": 12, "column": 0}, "end": {"line": 12, "column": 57}},
      "12": {"start": {"line": 13, "column": 0}, "end": {"line": 13, "column": 26}},
      "13": {"start": {"line": 14, "column": 0}, "end": {"line": 14, "column": 32}},
      "14": {"start": {"line": 15, "column": 0}, "end": {"line": 15, "column": 1}},
      "15": {"start": {"line": 16, "column": 0}, "end": {"line": 16, "column": 0}},
      "16": {"start": {"line": 17, "column": 0}, "end": {"line": 17, "column": 47}},
      "17": {"start": {"line": 18, "column": 0}, "end": {"line": 18, "column": 49}},
      "18": {"start": {"line": 19, "column": 0}, "end": {"line": 19, "column": 25}},
      "19": {"start": {"line": 20, "column": 0}, "end": {"line": 20, "column": 29}},
      "20": {"start": {"line": 21, "column": 0}, "end": {"line": 21, "column": 46}},
      "21": {"start": {"line": 22, "column": 0}, "end": {"line": 22, "column": 10}},
      "22": {"start": {"line": 23, "column": 0}, "end": {"line": 23, "column": 39}},
      "23": {"start": {"line": 24, "column": 0}, "end": {"line": 24, "column": 46}},
      "24": {"start": {"line": 25, "column": 0}, "end": {"line": 25, "column": 3}},
      "25": {"start": {"line": 26, "column": 0}, "end": {"line": 26, "column": 1}},
      "26": {"start": {"line": 27, "column": 0}, "end": {"line": 27, "column": 0}},
      "27": {"start": {"line": 28, "column": 0}, "end": {"line": 28, "column": 66}},
      "28": {"start": {"line": 29, "column": 0}, "end": {"line": 29, "column": 16}},
      "29": {"start": {"line": 30, "column": 0}, "end": {"line": 30, "column": 44}},
      "30": {"start": {"line": 31, "column": 0}, "end": {"line": 31, "column": 34}},
      "31": {"start": {"line": 32, "column": 0}, "end": {"line": 32, "column": 44}},
      "32": {"start": {"line": 33, "column": 0}, "end": {"line": 33, "column": 4}},
      "33": {"start": {"line": 34, "column": 0}, "end": {"line": 34, "column": 1}},
      "34": {"start": {"line": 35, "column": 0}, "end": {"line": 35, "column": 0}},
      "35": {"start": {"line": 36, "column": 0}, "end": {"line": 36, "column": 42}},
      "36": {"start": {"line": 37, "column": 0}, "end": {"line": 37, "column": 21}},
      "37": {"start": {"line": 38, "column": 0}, "end": {"line": 38, "column": 62}},
      "38": {"start": {"line": 39, "column": 0}, "end": {"line": 39, "column": 4}},
      "39": {"start": {"line": 40, "column": 0}, "end": {"line": 40, "column": 1}}
    },
    "s": {
      "0": 1,
      "1": 21,
      "2": 21,
      "3": 21,
      "4": 21,
      "5": 21,
      "6": 1,
      "7": 1,
      "8": 3,
      "9": 3,
      "10": 1,
      "11": 1,
      "12": 4,
      "13": 4,
      "14": 4,
      "15": 1,
      "16": 1,
      "17": 8,
      "18": 8,
      "19": 8,
      "20": 6,
      "21": 8,
      "22": 2,
      "23": 2,
      "24": 2,
      "25": 8,
      "26": 1,
      "27": 1,
      "28": 0,
      "29": 0,
      "30": 0,
      "31": 0,
      "32": 0,
      "33": 0,
      "34": 1,
      "35": 1,
      "36": 0,
      "37": 0,
      "38": 0,
      "39": 0
    },
    "branchMap": {
      "0": {
        "type": "branch",
        "line": 1,
        "loc": {"start": {"line": 1, "column": 7}, "end": {"line": 6, "column": 1}},
        "locations": [{"start": {"line": 1, "column": 7}, "end": {"line": 6, "column": 1}}]
      },
      "1": {
        "type": "branch",
        "line": 8,
        "loc": {"start": {"line": 8, "column": 7}, "end": {"line": 10, "column": 1}},
        "locations": [{"start": {"line": 8, "column": 7}, "end": {"line": 10, "column": 1}}]
      },
      "2": {
        "type": "branch",
        "line": 12,
        "loc": {"start": {"line": 12, "column": 7}, "end": {"line": 15, "column": 1}},
        "locations": [{"start": {"line": 12, "column": 7}, "end": {"line": 15, "column": 1}}]
      },
      "3": {
        "type": "branch",
        "line": 17,
        "loc": {"start": {"line": 17, "column": 7}, "end": {"line": 26, "column": 1}},
        "locations": [{"start": {"line": 17, "column": 7}, "end": {"line": 26, "column": 1}}]
      },
      "4": {
        "type": "branch",
        "line": 20,
        "loc": {"start": {"line": 20, "column": 28}, "end": {"line": 22, "column": 3}},
        "locations": [{"start": {"line": 20, "column": 28}, "end": {"line": 22, "column": 3}}]
      },
      "5": {
        "type": "branch",
        "line": 22,
        "loc": {"start": {"line": 22, "column": 3}, "end": {"line": 25, "column": 3}},
        "locations": [{"start": {"line": 22, "column": 3}, "end": {"line": 25, "column": 3}}]
      }
    },
    "b": {"0": [21], "1": [3], "2": [4], "3": [8], "4": [6], "5": [2]},
    "fnMap": {
      "0": {
        "name": "createAndAppendElement",
        "decl": {"start": {"line": 1, "column": 7}, "end": {"line": 6, "column": 1}},
        "loc": {"start": {"line": 1, "column": 7}, "end": {"line": 6, "column": 1}},
        "line": 1
      },
      "1": {
        "name": "getInputText",
        "decl": {"start": {"line": 8, "column": 7}, "end": {"line": 10, "column": 1}},
        "loc": {"start": {"line": 8, "column": 7}, "end": {"line": 10, "column": 1}},
        "line": 8
      },
      "2": {
        "name": "clearInput",
        "decl": {"start": {"line": 12, "column": 7}, "end": {"line": 15, "column": 1}},
        "loc": {"start": {"line": 12, "column": 7}, "end": {"line": 15, "column": 1}},
        "line": 12
      },
      "3": {
        "name": "chekNumberParag",
        "decl": {"start": {"line": 17, "column": 7}, "end": {"line": 26, "column": 1}},
        "loc": {"start": {"line": 17, "column": 7}, "end": {"line": 26, "column": 1}},
        "line": 17
      },
      "4": {
        "name": "buttonClick",
        "decl": {"start": {"line": 28, "column": 7}, "end": {"line": 34, "column": 1}},
        "loc": {"start": {"line": 28, "column": 7}, "end": {"line": 34, "column": 1}},
        "line": 28
      },
      "5": {
        "name": "inputText",
        "decl": {"start": {"line": 36, "column": 7}, "end": {"line": 40, "column": 1}},
        "loc": {"start": {"line": 36, "column": 7}, "end": {"line": 40, "column": 1}},
        "line": 36
      }
    },
    "f": {"0": 21, "1": 3, "2": 4, "3": 8, "4": 0, "5": 0}
  }
}
