TN:
SF:src\function.js
FN:2,createAndAppendElement
FN:9,getInputText
FN:13,clearInput
FN:18,chekNumberParag
FN:30,buttonClick
FN:38,inputText
FNF:6
FNH:4
FNDA:21,createAndAppendElement
FNDA:3,getInputText
FNDA:4,clearInput
FNDA:8,chekNumberParag
FNDA:0,buttonClick
FNDA:0,inputText
DA:1,1
DA:2,1
DA:3,21
DA:4,21
DA:5,21
DA:6,21
DA:7,21
DA:8,1
DA:9,1
DA:10,3
DA:11,3
DA:12,1
DA:13,1
DA:14,4
DA:15,4
DA:16,4
DA:17,1
DA:18,1
DA:19,8
DA:20,8
DA:21,8
DA:22,8
DA:23,6
DA:24,8
DA:25,2
DA:26,2
DA:27,2
DA:28,8
DA:29,1
DA:30,1
DA:31,0
DA:32,0
DA:33,0
DA:34,0
DA:35,0
DA:36,0
DA:37,1
DA:38,1
DA:39,0
DA:40,0
DA:41,0
DA:42,0
LF:42
LH:32
BRDA:2,0,0,21
BRDA:9,1,0,3
BRDA:13,2,0,4
BRDA:18,3,0,8
BRDA:22,4,0,6
BRDA:24,5,0,2
BRF:6
BRH:6
end_of_record
