TN:
SF:src\function.js
FN:1,createAndAppendElement
FN:8,getInputText
FN:12,clearInput
FN:17,chekNumberParag
FN:28,buttonClick
FN:36,inputText
FNF:6
FNH:4
FNDA:21,createAndAppendElement
FNDA:3,getInputText
FNDA:4,clearInput
FNDA:8,chekNumberParag
FNDA:0,buttonClick
FNDA:0,inputText
DA:1,1
DA:2,21
DA:3,21
DA:4,21
DA:5,21
DA:6,21
DA:7,1
DA:8,1
DA:9,3
DA:10,3
DA:11,1
DA:12,1
DA:13,4
DA:14,4
DA:15,4
DA:16,1
DA:17,1
DA:18,8
DA:19,8
DA:20,8
DA:21,6
DA:22,8
DA:23,2
DA:24,2
DA:25,2
DA:26,8
DA:27,1
DA:28,1
DA:29,0
DA:30,0
DA:31,0
DA:32,0
DA:33,0
DA:34,0
DA:35,1
DA:36,1
DA:37,0
DA:38,0
DA:39,0
DA:40,0
LF:40
LH:30
BRDA:1,0,0,21
BRDA:8,1,0,3
BRDA:12,2,0,4
BRDA:17,3,0,8
BRDA:20,4,0,6
BRDA:22,5,0,2
BRF:6
BRH:6
end_of_record
